<?xml version="1.0" encoding="UTF-8"?>
<testsuite xmlns:xsi="http://www.w3.org/2001/XMLSchema-instance" xsi:noNamespaceSchemaLocation="https://maven.apache.org/surefire/maven-surefire-plugin/xsd/surefire-test-report-3.0.xsd" version="3.0" name="com.automationexercise2.runners.LoginPage" time="9.955" tests="1" errors="0" skipped="0" failures="0">
  <properties>
[...]
</properties>
  <testcase name="iniciar seseion exitosamente" classname="Inicio de sesion" time="8.81">
    <system-out><![CDATA[13:37:40.538 [main] DEBUG io.cucumber.core.plugin.SerenityReporter -- Running feature from file:///C:/Users/Alvaro/eclipse-workspace/automationexercise2/./src/test/resources/features/Login.feature
13:37:40.787 [main] INFO  -- 

-------------------------------------------------------------------------------------
     _______. _______ .______       _______ .__   __.  __  .___________.____    ____ 
    /       ||   ____||   _  \     |   ____||  \ |  | |  | |           |\   \  /   / 
   |   (----`|  |__   |  |_)  |    |  |__   |   \|  | |  | `---|  |----` \   \/   /  
    \   \    |   __|  |      /     |   __|  |  . `  | |  |     |  |       \_    _/   
.----)   |   |  |____ |  |\  \----.|  |____ |  |\   | |  |     |  |         |  |     
|_______/    |_______|| _| `._____||_______||__| \__| |__|     |__|         |__|    
                                                                                     
 News and tutorials at http://www.serenity-bdd.info                                  
 Documentation at https://wakaleo.gitbooks.io/the-serenity-book/content/             
 Join the Serenity Community on Gitter: https://gitter.im/serenity-bdd/serenity-core 
 Serenity BDD Support and Training at http://serenity-bdd.info/#/trainingandsupport  
-------------------------------------------------------------------------------------

13:37:40.795 [main] DEBUG net.thucydides.core.steps.StepEventBus -- Test suite started for story net.thucydides.core.model.Story@8c5fe920
13:37:40.798 [main] INFO  -- Test Suite Started: Inicio de sesion
13:37:40.850 [main] DEBUG io.cucumber.core.plugin.SerenityReporter -- Running feature from file:///C:/Users/Alvaro/eclipse-workspace/automationexercise2/./src/test/resources/features/Login.feature
13:37:40.863 [main] DEBUG net.thucydides.core.steps.StepEventBus -- Test suite started for story net.thucydides.core.model.Story@8c5fe920
13:37:40.863 [main] INFO  -- Test Suite Started: Inicio de sesion
13:37:40.920 [main] DEBUG io.cucumber.core.plugin.SerenityReporter -- Running feature from file:///C:/Users/Alvaro/eclipse-workspace/automationexercise2/./src/test/resources/features/Login.feature
13:37:41.018 [main] INFO  -- 
  _____   ___   ___   _____     ___   _____     _     ___   _____   ___   ___  
 |_   _| | __| / __| |_   _|   / __| |_   _|   /_\   | _ \ |_   _| | __| |   \ 
   | |   | _|  \__ \   | |     \__ \   | |    / _ \  |   /   | |   | _|  | |) |
   |_|   |___| |___/   |_|     |___/   |_|   /_/ \_\ |_|_\   |_|   |___| |___/ 

iniciar seseion exitosamente(inicio-de-sesion;iniciar-seseion-exitosamente)
--------------------------------------------------------------------------------
13:37:49.643 [main] INFO  -- 
  _____   ___   ___   _____     ___     _     ___   ___   ___   ___  
 |_   _| | __| / __| |_   _|   | _ \   /_\   / __| / __| | __| |   \ 
   | |   | _|  \__ \   | |     |  _/  / _ \  \__ \ \__ \ | _|  | |) |
   |_|   |___| |___/   |_|     |_|   /_/ \_\ |___/ |___/ |___| |___/ 

iniciar seseion exitosamente
----------------------------------------------------------------------
]]></system-out>
    <system-err><![CDATA[ago 13, 2025 1:37:42 P. M. org.openqa.selenium.devtools.CdpVersionFinder findNearestMatch
WARNING: Unable to find CDP implementation matching 139
ago 13, 2025 1:37:42 P. M. org.openqa.selenium.chromium.ChromiumDriver lambda$new$5
WARNING: Unable to find version of CDP to use for 139.0.3405.86. You may need to include a dependency on a specific version of the CDP using something similar to `org.seleniumhq.selenium:selenium-devtools-v86:4.21.0` where the version ("v86") matches the version of the chromium-based browser you're using and the version number of the artifact is the same as Selenium's.
]]></system-err>
  </testcase>
</testsuite>